✅ Bot started in POLLING mode (local dev)
🤘 ExtremeFest Notifier запущен
[Paperclip] Issue создан: CMP-4 → [writer] проведи анализ рынка
[Paperclip] Issue создан: CMP-5 → [writer] напиши рекламный бюджет с попунктной разбивкой по каналам и инструментам продвиж
✅ Bot started in POLLING mode (local dev)
🤘 ExtremeFest Notifier запущен
✅ Bot started in POLLING mode (local dev)
🤘 ExtremeFest Notifier запущен
✅ Bot started in POLLING mode (local dev)
🤘 ExtremeFest Notifier запущен
error: [polling_error] {"code":"EFATAL","message":"EFATAL: Error: read ETIMEDOUT"}
error: [polling_error] {"code":"EFATAL","message":"EFATAL: Error: Client network socket disconnected before secure TLS connection was established"}
error: [polling_error] {"code":"EFATAL","message":"EFATAL: Error: Client network socket disconnected before secure TLS connection was established"}
error: [polling_error] {"code":"EFATAL","message":"EFATAL: Error: Client network socket disconnected before secure TLS connection was established"}
error: [polling_error] {"code":"EFATAL","message":"EFATAL: Error: Client network socket disconnected before secure TLS connection was established"}
error: [polling_error] {"code":"EFATAL","message":"EFATAL: Error: Client network socket disconnected before secure TLS connection was established"}
error: [polling_error] {"code":"EFATAL","message":"EFATAL: Error: Client network socket disconnected before secure TLS connection was established"}
error: [polling_error] {"code":"EFATAL","message":"EFATAL: Error: Client network socket disconnected before secure TLS connection was established"}
error: [polling_error] {"code":"EFATAL","message":"EFATAL: Error: Client network socket disconnected before secure TLS connection was established"}
error: [polling_error] {"code":"EFATAL","message":"EFATAL: Error: Client network socket disconnected before secure TLS connection was established"}
error: [polling_error] {"code":"EFATAL","message":"EFATAL: Error: connect ETIMEDOUT 149.154.166.110:443"}
error: [polling_error] {"code":"EFATAL","message":"EFATAL: Error: Client network socket disconnected before secure TLS connection was established"}
error: [polling_error] {"code":"EFATAL","message":"EFATAL: Error: Client network socket disconnected before secure TLS connection was established"}
error: [polling_error] {"code":"EFATAL","message":"EFATAL: Error: Client network socket disconnected before secure TLS connection was established"}
error: [polling_error] {"code":"EFATAL","message":"EFATAL: Error: Client network socket disconnected before secure TLS connection was established"}
error: [polling_error] {"code":"EFATAL","message":"EFATAL: Error: Client network socket disconnected before secure TLS connection was established"}
error: [polling_error] {"code":"EFATAL","message":"EFATAL: Error: Client network socket disconnected before secure TLS connection was established"}
error: [polling_error] {"code":"EFATAL","message":"EFATAL: Error: Client network socket disconnected before secure TLS connection was established"}
error: [polling_error] {"code":"EFATAL","message":"EFATAL: Error: Client network socket disconnected before secure TLS connection was established"}
error: [polling_error] {"code":"EFATAL","message":"EFATAL: Error: Client network socket disconnected before secure TLS connection was established"}
error: [polling_error] {"code":"EFATAL","message":"EFATAL: Error: Client network socket disconnected before secure TLS connection was established"}
error: [polling_error] {"code":"EFATAL","message":"EFATAL: Error: Client network socket disconnected before secure TLS connection was established"}
error: [polling_error] {"code":"EFATAL","message":"EFATAL: Error: Client network socket disconnected before secure TLS connection was established"}
error: [polling_error] {"code":"EFATAL","message":"EFATAL: Error: Client network socket disconnected before secure TLS connection was established"}
error: [polling_error] {"code":"EFATAL","message":"EFATAL: Error: Client network socket disconnected before secure TLS connection was established"}
error: [polling_error] {"code":"EFATAL","message":"EFATAL: Error: Client network socket disconnected before secure TLS connection was established"}
error: [polling_error] {"code":"EFATAL","message":"EFATAL: Error: Client network socket disconnected before secure TLS connection was established"}
error: [polling_error] {"code":"EFATAL","message":"EFATAL: Error: Client network socket disconnected before secure TLS connection was established"}
error: [polling_error] {"code":"EFATAL","message":"EFATAL: Error: Client network socket disconnected before secure TLS connection was established"}
error: [polling_error] {"code":"EFATAL","message":"EFATAL: Error: Client network socket disconnected before secure TLS connection was established"}
error: [polling_error] {"code":"EFATAL","message":"EFATAL: Error: Client network socket disconnected before secure TLS connection was established"}
error: [polling_error] {"code":"EFATAL","message":"EFATAL: Error: Client network socket disconnected before secure TLS connection was established"}
error: [polling_error] {"code":"EFATAL","message":"EFATAL: Error: Client network socket disconnected before secure TLS connection was established"}
error: [polling_error] {"code":"EFATAL","message":"EFATAL: Error: Client network socket disconnected before secure TLS connection was established"}
error: [polling_error] {"code":"EFATAL","message":"EFATAL: Error: Client network socket disconnected before secure TLS connection was established"}
error: [polling_error] {"code":"EFATAL","message":"EFATAL: Error: Client network socket disconnected before secure TLS connection was established"}
error: [polling_error] {"code":"EFATAL","message":"EFATAL: Error: Client network socket disconnected before secure TLS connection was established"}
error: [polling_error] {"code":"EFATAL","message":"EFATAL: Error: Client network socket disconnected before secure TLS connection was established"}
error: [polling_error] {"code":"EFATAL","message":"EFATAL: Error: Client network socket disconnected before secure TLS connection was established"}
error: [polling_error] {"code":"EFATAL","message":"EFATAL: Error: Client network socket disconnected before secure TLS connection was established"}
error: [polling_error] {"code":"EFATAL","message":"EFATAL: Error: Client network socket disconnected before secure TLS connection was established"}
error: [polling_error] {"code":"EFATAL","message":"EFATAL: Error: Client network socket disconnected before secure TLS connection was established"}
error: [polling_error] {"code":"EFATAL","message":"EFATAL: Error: Client network socket disconnected before secure TLS connection was established"}
error: [polling_error] {"code":"EFATAL","message":"EFATAL: Error: Client network socket disconnected before secure TLS connection was established"}
error: [polling_error] {"code":"EFATAL","message":"EFATAL: Error: Client network socket disconnected before secure TLS connection was established"}
error: [polling_error] {"code":"EFATAL","message":"EFATAL: Error: Client network socket disconnected before secure TLS connection was established"}
error: [polling_error] {"code":"EFATAL","message":"EFATAL: Error: Client network socket disconnected before secure TLS connection was established"}
error: [polling_error] {"code":"EFATAL","message":"EFATAL: Error: Client network socket disconnected before secure TLS connection was established"}
error: [polling_error] {"code":"EFATAL","message":"EFATAL: Error: Client network socket disconnected before secure TLS connection was established"}
error: [polling_error] {"code":"EFATAL","message":"EFATAL: Error: Client network socket disconnected before secure TLS connection was established"}
error: [polling_error] {"code":"EFATAL","message":"EFATAL: Error: Client network socket disconnected before secure TLS connection was established"}
error: [polling_error] {"code":"EFATAL","message":"EFATAL: Error: Client network socket disconnected before secure TLS connection was established"}
error: [polling_error] {"code":"EFATAL","message":"EFATAL: Error: Client network socket disconnected before secure TLS connection was established"}
error: [polling_error] {"code":"EFATAL","message":"EFATAL: Error: Client network socket disconnected before secure TLS connection was established"}
error: [polling_error] {"code":"EFATAL","message":"EFATAL: Error: Client network socket disconnected before secure TLS connection was established"}
error: [polling_error] {"code":"EFATAL","message":"EFATAL: Error: Client network socket disconnected before secure TLS connection was established"}
error: [polling_error] {"code":"EFATAL","message":"EFATAL: Error: Client network socket disconnected before secure TLS connection was established"}
error: [polling_error] {"code":"EFATAL","message":"EFATAL: Error: Client network socket disconnected before secure TLS connection was established"}
error: [polling_error] {"code":"EFATAL","message":"EFATAL: Error: read ECONNRESET"}
error: [polling_error] {"code":"EFATAL","message":"EFATAL: Error: read ECONNRESET"}
error: [polling_error] {"code":"EFATAL","message":"EFATAL: Error: read ECONNRESET"}
error: [polling_error] {"code":"EFATAL","message":"EFATAL: Error: Client network socket disconnected before secure TLS connection was established"}
error: [polling_error] {"code":"EFATAL","message":"EFATAL: Error: read ECONNRESET"}
error: [polling_error] {"code":"EFATAL","message":"EFATAL: Error: read ECONNRESET"}
error: [polling_error] {"code":"EFATAL","message":"EFATAL: Error: read ECONNRESET"}
error: [polling_error] {"code":"EFATAL","message":"EFATAL: Error: read ECONNRESET"}
error: [polling_error] {"code":"EFATAL","message":"EFATAL: Error: read ECONNRESET"}
error: [polling_error] {"code":"EFATAL","message":"EFATAL: Error: read ECONNRESET"}
error: [polling_error] {"code":"EFATAL","message":"EFATAL: Error: read ECONNRESET"}
✅ Bot started in POLLING mode (local dev)
🤘 ExtremeFest Notifier запущен
✅ Bot started in POLLING mode (local dev)
🤘 ExtremeFest Notifier запущен
[Paperclip] Issue создан: CMP-7 → [researcher] сделай анализ конкурентов
✅ Bot started in POLLING mode (local dev)
🤘 ExtremeFest Notifier запущен
✅ Bot started in POLLING mode (local dev)
🤘 ExtremeFest Notifier запущен
[handleAgentTask] chatId=41977400 agent=ceo task="дай мне посты на эту неделю"
[Paperclip] Issue создан: CMP-62 → [ceo] дай мне посты на эту неделю
[handleAgentTask] issue created: CMP-62 source=paperclip
[handleAgentTask] status msg sent, msg_id=99
[handleAgentTask] heartbeat invoked for ceo
[handleAgentTask] polling a85472ac-98d7-4ea8-a73b-3a89cd91058e...
[handleAgentTask] CMP-62 status → backlog
[handleAgentTask] CMP-62 status → in_progress
[handleAgentTask] waitForCompletion done: result=null(timeout)
✅ Bot started in POLLING mode (local dev)
🤘 ExtremeFest Notifier запущен
error: [polling_error] {"code":"ETELEGRAM","message":"ETELEGRAM: 429 Too Many Requests: retry after 5"}
error: [polling_error] {"code":"ETELEGRAM","message":"ETELEGRAM: 429 Too Many Requests: retry after 5"}
error: [polling_error] {"code":"ETELEGRAM","message":"ETELEGRAM: 429 Too Many Requests: retry after 5"}
error: [polling_error] {"code":"ETELEGRAM","message":"ETELEGRAM: 429 Too Many Requests: retry after 5"}
error: [polling_error] {"code":"ETELEGRAM","message":"ETELEGRAM: 429 Too Many Requests: retry after 5"}
error: [polling_error] {"code":"ETELEGRAM","message":"ETELEGRAM: 429 Too Many Requests: retry after 5"}
error: [polling_error] {"code":"ETELEGRAM","message":"ETELEGRAM: 429 Too Many Requests: retry after 5"}
error: [polling_error] {"code":"ETELEGRAM","message":"ETELEGRAM: 429 Too Many Requests: retry after 5"}
error: [polling_error] {"code":"ETELEGRAM","message":"ETELEGRAM: 429 Too Many Requests: retry after 5"}
error: [polling_error] {"code":"ETELEGRAM","message":"ETELEGRAM: 429 Too Many Requests: retry after 5"}
error: [polling_error] {"code":"ETELEGRAM","message":"ETELEGRAM: 429 Too Many Requests: retry after 5"}
error: [polling_error] {"code":"ETELEGRAM","message":"ETELEGRAM: 429 Too Many Requests: retry after 5"}
error: [polling_error] {"code":"ETELEGRAM","message":"ETELEGRAM: 502 Bad Gateway"}
error: [polling_error] {"code":"ETELEGRAM","message":"ETELEGRAM: 502 Bad Gateway"}
error: [polling_error] {"code":"ETELEGRAM","message":"ETELEGRAM: 502 Bad Gateway"}
error: [polling_error] {"code":"ETELEGRAM","message":"ETELEGRAM: 502 Bad Gateway"}
error: [polling_error] {"code":"ETELEGRAM","message":"ETELEGRAM: 502 Bad Gateway"}
error: [polling_error] {"code":"EFATAL","message":"EFATAL: Error: read ECONNRESET"}
error: [polling_error] {"code":"EFATAL","message":"EFATAL: Error: socket hang up"}
error: [polling_error] {"code":"EFATAL","message":"EFATAL: Error: getaddrinfo ENOTFOUND api.telegram.org"}
error: [polling_error] {"code":"EFATAL","message":"EFATAL: Error: getaddrinfo ENOTFOUND api.telegram.org"}
error: [polling_error] {"code":"EFATAL","message":"EFATAL: Error: getaddrinfo ENOTFOUND api.telegram.org"}
error: [polling_error] {"code":"EFATAL","message":"EFATAL: Error: getaddrinfo ENOTFOUND api.telegram.org"}
error: [polling_error] {"code":"EFATAL","message":"EFATAL: Error: getaddrinfo ENOTFOUND api.telegram.org"}
error: [polling_error] {"code":"EFATAL","message":"EFATAL: Error: getaddrinfo ENOTFOUND api.telegram.org"}
error: [polling_error] {"code":"EFATAL","message":"EFATAL: Error: getaddrinfo ENOTFOUND api.telegram.org"}
error: [polling_error] {"code":"EFATAL","message":"EFATAL: Error: getaddrinfo ENOTFOUND api.telegram.org"}
error: [polling_error] {"code":"EFATAL","message":"EFATAL: Error: getaddrinfo ENOTFOUND api.telegram.org"}
error: [polling_error] {"code":"EFATAL","message":"EFATAL: Error: getaddrinfo ENOTFOUND api.telegram.org"}
error: [polling_error] {"code":"EFATAL","message":"EFATAL: Error: connect ETIMEDOUT 149.154.166.110:443"}
error: [polling_error] {"code":"EFATAL","message":"EFATAL: Error: connect ETIMEDOUT 149.154.166.110:443"}
error: [polling_error] {"code":"EFATAL","message":"EFATAL: Error: connect ETIMEDOUT 149.154.166.110:443"}
error: [polling_error] {"code":"EFATAL","message":"EFATAL: Error: connect ETIMEDOUT 149.154.166.110:443"}
error: [polling_error] {"code":"EFATAL","message":"EFATAL: Error: connect ETIMEDOUT 149.154.166.110:443"}
error: [polling_error] {"code":"EFATAL","message":"EFATAL: Error: socket hang up"}
error: [polling_error] {"code":"EFATAL","message":"EFATAL: Error: getaddrinfo ENOTFOUND api.telegram.org"}
error: [polling_error] {"code":"EFATAL","message":"EFATAL: Error: getaddrinfo ENOTFOUND api.telegram.org"}
error: [polling_error] {"code":"EFATAL","message":"EFATAL: Error: socket hang up"}
[handleAgentTask] chatId=41977400 agent=ceo task="дай посты на неделю"
[Paperclip] Issue создан: CMP-70 → [ceo] дай посты на неделю
[handleAgentTask] issue created: CMP-70 source=paperclip
[handleAgentTask] status msg sent, msg_id=104
[handleAgentTask] heartbeat invoked for ceo
[handleAgentTask] polling db878f7a-5220-456d-9209-e6cb1156c724...
[handleAgentTask] CMP-70 status → backlog
[handleAgentTask] CMP-70 status → in_progress
[handleAgentTask] CMP-70 status → done
[handleAgentTask] waitForCompletion done: result=done
[handleAgentTask] delivering result, len=224
[handleAgentTask] delivered: CMP-70, dashboard updated
